---------------------------------- TLP 0 --------------------------------------- 
Config Type 0 Write Request (CfgWr0) with 3DW, with data
fmt = 0x2
type = 0x4
reserve_bit1 = 0x0
tc = 0x0
reserve_bit2 = 0x0
attr1 = 0x0
reserve_bit3 = 0x0
th = 0x0
td = 0x0
ep = 0x0
attr0 = 0x0
at = 0x0
length = 0x34d
requester_id = 0x8a49
tag = 
0x2c
last_dw_be = 0x0
first_dw_be = 0x3
completer_id = 0x0
reserve_bit4 = 0x0
ext_register_number = 0x0
register_number = 0x3f
reserve_bit5 = 0x0
payload = 0x2803384

---------------------------------- TLP 1 --------------------------------------- 
Config Type 0 Read Request (CfgRd0) with 3DW, no data
fmt = 0x0
type = 0x4
reserve_bit1 = 0x0
tc = 0x0
reserve_bit2 = 0x0
attr1 = 0x0
reserve_bit3 = 0x0
th = 0x0
td = 0x0
ep = 0x0
attr0 = 0x0
at = 0x0
length = 0x118
requester_id = 0x4634
tag = 
0x1c
last_dw_be = 0x0
first_dw_be = 0x3
completer_id = 0x0
reserve_bit4 = 0x0
ext_register_number = 0x0
register_number = 0x3f
reserve_bit5 = 0x0
payload = 0x0

---------------------------------- TLP 2 --------------------------------------- 
Config Type 1 Read Request (CfgRd1) with 3DW, no data
fmt = 0x0
type = 0x5
reserve_bit1 = 0x0
tc = 0x0
reserve_bit2 = 0x0
attr1 = 0x0
reserve_bit3 = 0x0
th = 0x0
td = 0x0
ep = 0x0
attr0 = 0x0
at = 0x0
length = 0x364
requester_id = 0xd3cb
tag = 
0x28
last_dw_be = 0x0
first_dw_be = 0x3
completer_id = 0x0
reserve_bit4 = 0x0
ext_register_number = 0x0
register_number = 0x3f
reserve_bit5 = 0x0
payload = 0x0

---------------------------------- TLP 3 --------------------------------------- 
Config Type 1 Read Request (CfgRd1) with 3DW, no data
fmt = 0x0
type = 0x5
reserve_bit1 = 0x0
tc = 0x0
reserve_bit2 = 0x0
attr1 = 0x0
reserve_bit3 = 0x0
th = 0x0
td = 0x0
ep = 0x0
attr0 = 0x0
at = 0x0
length = 0x250
requester_id = 0xd46a
tag = 
0x42
last_dw_be = 0x0
first_dw_be = 0x3
completer_id = 0x0
reserve_bit4 = 0x0
ext_register_number = 0x0
register_number = 0x3f
reserve_bit5 = 0x0
payload = 0x0

---------------------------------- TLP 4 --------------------------------------- 
Config Type 0 Write Request (CfgWr0) with 3DW, with data
fmt = 0x2
type = 0x4
reserve_bit1 = 0x0
tc = 0x0
reserve_bit2 = 0x0
attr1 = 0x0
reserve_bit3 = 0x0
th = 0x0
td = 0x0
ep = 0x0
attr0 = 0x0
at = 0x0
length = 0x29b
requester_id = 0xd127
tag = 
0x57
last_dw_be = 0x0
first_dw_be = 0x3
completer_id = 0x0
reserve_bit4 = 0x0
ext_register_number = 0x0
register_number = 0x3f
reserve_bit5 = 0x0
payload = 0x460eda86

---------------------------------- TLP 5 --------------------------------------- 
Config Type 0 Write Request (CfgWr0) with 3DW, with data
fmt = 0x2
type = 0x4
reserve_bit1 = 0x0
tc = 0x0
reserve_bit2 = 0x0
attr1 = 0x0
reserve_bit3 = 0x0
th = 0x0
td = 0x0
ep = 0x0
attr0 = 0x0
at = 0x0
length = 0x65
requester_id = 0x131e
tag = 
0x91
last_dw_be = 0x0
first_dw_be = 0x3
completer_id = 0x0
reserve_bit4 = 0x0
ext_register_number = 0x0
register_number = 0x0
reserve_bit5 = 0x0
payload = 0x43752717

---------------------------------- TLP 6 --------------------------------------- 
Config Type 1 Write Request (CfgWr1) with 3DW, with data
fmt = 0x2
type = 0x5
reserve_bit1 = 0x0
tc = 0x0
reserve_bit2 = 0x0
attr1 = 0x0
reserve_bit3 = 0x0
th = 0x0
td = 0x0
ep = 0x0
attr0 = 0x0
at = 0x0
length = 0xda
requester_id = 0xf6ec
tag = 
0x9d
last_dw_be = 0x0
first_dw_be = 0x3
completer_id = 0x0
reserve_bit4 = 0x0
ext_register_number = 0x0
register_number = 0x3f
reserve_bit5 = 0x0
payload = 0x4126f392

---------------------------------- TLP 7 --------------------------------------- 
Config Type 0 Read Request (CfgRd0) with 3DW, no data
fmt = 0x0
type = 0x4
reserve_bit1 = 0x0
tc = 0x0
reserve_bit2 = 0x0
attr1 = 0x0
reserve_bit3 = 0x0
th = 0x0
td = 0x0
ep = 0x0
attr0 = 0x0
at = 0x0
length = 0x3a3
requester_id = 0x3328
tag = 
0x23
last_dw_be = 0x0
first_dw_be = 0x3
completer_id = 0x0
reserve_bit4 = 0x0
ext_register_number = 0x0
register_number = 0x0
reserve_bit5 = 0x0
payload = 0x0

---------------------------------- TLP 8 --------------------------------------- 
Config Type 1 Write Request (CfgWr1) with 3DW, with data
fmt = 0x2
type = 0x5
reserve_bit1 = 0x0
tc = 0x0
reserve_bit2 = 0x0
attr1 = 0x0
reserve_bit3 = 0x0
th = 0x0
td = 0x0
ep = 0x0
attr0 = 0x0
at = 0x0
length = 0x3d6
requester_id = 0x4af6
tag = 
0xfd
last_dw_be = 0x0
first_dw_be = 0x3
completer_id = 0x0
reserve_bit4 = 0x0
ext_register_number = 0x0
register_number = 0x3f
reserve_bit5 = 0x0
payload = 0xd0a9869f

---------------------------------- TLP 9 --------------------------------------- 
Config Type 1 Read Request (CfgRd1) with 3DW, no data
fmt = 0x0
type = 0x5
reserve_bit1 = 0x0
tc = 0x0
reserve_bit2 = 0x0
attr1 = 0x0
reserve_bit3 = 0x0
th = 0x0
td = 0x0
ep = 0x0
attr0 = 0x0
at = 0x0
length = 0x21f
requester_id = 0xcb92
tag = 
0x3e
last_dw_be = 0x0
first_dw_be = 0x3
completer_id = 0x0
reserve_bit4 = 0x0
ext_register_number = 0x0
register_number = 0x3f
reserve_bit5 = 0x0
payload = 0x0

---------------------------------- TLP 10 --------------------------------------- 
Config Type 0 Read Request (CfgRd0) with 3DW, no data
fmt = 0x0
type = 0x4
reserve_bit1 = 0x0
tc = 0x0
reserve_bit2 = 0x0
attr1 = 0x0
reserve_bit3 = 0x0
th = 0x0
td = 0x0
ep = 0x0
attr0 = 0x0
at = 0x0
length = 0x2ab
requester_id = 0x8855
tag = 
0x12
last_dw_be = 0x0
first_dw_be = 0x3
completer_id = 0x0
reserve_bit4 = 0x0
ext_register_number = 0x0
register_number = 0x0
reserve_bit5 = 0x0
payload = 0x0

---------------------------------- TLP 11 --------------------------------------- 
Config Type 0 Write Request (CfgWr0) with 3DW, with data
fmt = 0x2
type = 0x4
reserve_bit1 = 0x0
tc = 0x0
reserve_bit2 = 0x0
attr1 = 0x0
reserve_bit3 = 0x0
th = 0x0
td = 0x0
ep = 0x0
attr0 = 0x0
at = 0x0
length = 0x3c1
requester_id = 0xf42
tag = 
0x43
last_dw_be = 0x0
first_dw_be = 0x3
completer_id = 0x0
reserve_bit4 = 0x0
ext_register_number = 0x0
register_number = 0x0
reserve_bit5 = 0x0
payload = 0x72f98c4

---------------------------------- TLP 12 --------------------------------------- 
Config Type 1 Write Request (CfgWr1) with 3DW, with data
fmt = 0x2
type = 0x5
reserve_bit1 = 0x0
tc = 0x0
reserve_bit2 = 0x0
attr1 = 0x0
reserve_bit3 = 0x0
th = 0x0
td = 0x0
ep = 0x0
attr0 = 0x0
at = 0x0
length = 0x228
requester_id = 0xc00e
tag = 
0x4a
last_dw_be = 0x0
first_dw_be = 0x3
completer_id = 0x0
reserve_bit4 = 0x0
ext_register_number = 0x0
register_number = 0x3f
reserve_bit5 = 0x0
payload = 0xc419d83a

---------------------------------- TLP 13 --------------------------------------- 
Config Type 0 Write Request (CfgWr0) with 3DW, with data
fmt = 0x2
type = 0x4
reserve_bit1 = 0x0
tc = 0x0
reserve_bit2 = 0x0
attr1 = 0x0
reserve_bit3 = 0x0
th = 0x0
td = 0x0
ep = 0x0
attr0 = 0x0
at = 0x0
length = 0x200
requester_id = 0xb9ab
tag = 
0x6b
last_dw_be = 0x0
first_dw_be = 0x3
completer_id = 0x0
reserve_bit4 = 0x0
ext_register_number = 0x0
register_number = 0x3f
reserve_bit5 = 0x0
payload = 0xa809f199

---------------------------------- TLP 14 --------------------------------------- 
Config Type 1 Write Request (CfgWr1) with 3DW, with data
fmt = 0x2
type = 0x5
reserve_bit1 = 0x0
tc = 0x0
reserve_bit2 = 0x0
attr1 = 0x0
reserve_bit3 = 0x0
th = 0x0
td = 0x0
ep = 0x0
attr0 = 0x0
at = 0x0
length = 0xa3
requester_id = 0xa924
tag = 
0xb7
last_dw_be = 0x0
first_dw_be = 0x3
completer_id = 0x0
reserve_bit4 = 0x0
ext_register_number = 0x0
register_number = 0x0
reserve_bit5 = 0x0
payload = 0xd2f4b8c1

---------------------------------- TLP 15 --------------------------------------- 
Config Type 1 Read Request (CfgRd1) with 3DW, no data
fmt = 0x0
type = 0x5
reserve_bit1 = 0x0
tc = 0x0
reserve_bit2 = 0x0
attr1 = 0x0
reserve_bit3 = 0x0
th = 0x0
td = 0x0
ep = 0x0
attr0 = 0x0
at = 0x0
length = 0x30a
requester_id = 0xa177
tag = 
0xda
last_dw_be = 0x0
first_dw_be = 0x3
completer_id = 0x0
reserve_bit4 = 0x0
ext_register_number = 0x0
register_number = 0x3f
reserve_bit5 = 0x0
payload = 0x0

---------------------------------- TLP 16 --------------------------------------- 
Config Type 1 Read Request (CfgRd1) with 3DW, no data
fmt = 0x0
type = 0x5
reserve_bit1 = 0x0
tc = 0x0
reserve_bit2 = 0x0
attr1 = 0x0
reserve_bit3 = 0x0
th = 0x0
td = 0x0
ep = 0x0
attr0 = 0x0
at = 0x0
length = 0x105
requester_id = 0xdf01
tag = 
0xe3
last_dw_be = 0x0
first_dw_be = 0x3
completer_id = 0x0
reserve_bit4 = 0x0
ext_register_number = 0x0
register_number = 0x0
reserve_bit5 = 0x0
payload = 0x0

---------------------------------- TLP 17 --------------------------------------- 
Config Type 1 Read Request (CfgRd1) with 3DW, no data
fmt = 0x0
type = 0x5
reserve_bit1 = 0x0
tc = 0x0
reserve_bit2 = 0x0
attr1 = 0x0
reserve_bit3 = 0x0
th = 0x0
td = 0x0
ep = 0x0
attr0 = 0x0
at = 0x0
length = 0x99
requester_id = 0x65b0
tag = 
0xaf
last_dw_be = 0x0
first_dw_be = 0x3
completer_id = 0x0
reserve_bit4 = 0x0
ext_register_number = 0x0
register_number = 0x0
reserve_bit5 = 0x0
payload = 0x0

---------------------------------- TLP 18 --------------------------------------- 
Config Type 0 Read Request (CfgRd0) with 3DW, no data
fmt = 0x0
type = 0x4
reserve_bit1 = 0x0
tc = 0x0
reserve_bit2 = 0x0
attr1 = 0x0
reserve_bit3 = 0x0
th = 0x0
td = 0x0
ep = 0x0
attr0 = 0x0
at = 0x0
length = 0x37e
requester_id = 0x7822
tag = 
0xe0
last_dw_be = 0x0
first_dw_be = 0x3
completer_id = 0x0
reserve_bit4 = 0x0
ext_register_number = 0x0
register_number = 0x3f
reserve_bit5 = 0x0
payload = 0x0

---------------------------------- TLP 19 --------------------------------------- 
Config Type 0 Write Request (CfgWr0) with 3DW, with data
fmt = 0x2
type = 0x4
reserve_bit1 = 0x0
tc = 0x0
reserve_bit2 = 0x0
attr1 = 0x0
reserve_bit3 = 0x0
th = 0x0
td = 0x0
ep = 0x0
attr0 = 0x0
at = 0x0
length = 0xd3
requester_id = 0xe1ab
tag = 
0x7a
last_dw_be = 0x0
first_dw_be = 0x3
completer_id = 0x0
reserve_bit4 = 0x0
ext_register_number = 0x0
register_number = 0x0
reserve_bit5 = 0x0
payload = 0xf82b603

---------------------------------- TLP 20 --------------------------------------- 
Config Type 0 Write Request (CfgWr0) with 3DW, with data
fmt = 0x2
type = 0x4
reserve_bit1 = 0x0
tc = 0x0
reserve_bit2 = 0x0
attr1 = 0x0
reserve_bit3 = 0x0
th = 0x0
td = 0x0
ep = 0x0
attr0 = 0x0
at = 0x0
length = 0x36e
requester_id = 0x6423
tag = 
0x18
last_dw_be = 0x0
first_dw_be = 0x3
completer_id = 0x0
reserve_bit4 = 0x0
ext_register_number = 0x0
register_number = 0x3f
reserve_bit5 = 0x0
payload = 0x7c9ea9dd

---------------------------------- TLP 21 --------------------------------------- 
Config Type 1 Read Request (CfgRd1) with 3DW, no data
fmt = 0x0
type = 0x5
reserve_bit1 = 0x0
tc = 0x0
reserve_bit2 = 0x0
attr1 = 0x0
reserve_bit3 = 0x0
th = 0x0
td = 0x0
ep = 0x0
attr0 = 0x0
at = 0x0
length = 0x1f0
requester_id = 0x79cf
tag = 
0x44
last_dw_be = 0x0
first_dw_be = 0x3
completer_id = 0x0
reserve_bit4 = 0x0
ext_register_number = 0x0
register_number = 0x0
reserve_bit5 = 0x0
payload = 0x0

---------------------------------- TLP 22 --------------------------------------- 
Config Type 1 Read Request (CfgRd1) with 3DW, no data
fmt = 0x0
type = 0x5
reserve_bit1 = 0x0
tc = 0x0
reserve_bit2 = 0x0
attr1 = 0x0
reserve_bit3 = 0x0
th = 0x0
td = 0x0
ep = 0x0
attr0 = 0x0
at = 0x0
length = 0x111
requester_id = 0x9d43
tag = 
0x77
last_dw_be = 0x0
first_dw_be = 0x3
completer_id = 0x0
reserve_bit4 = 0x0
ext_register_number = 0x0
register_number = 0x0
reserve_bit5 = 0x0
payload = 0x0

---------------------------------- TLP 23 --------------------------------------- 
Config Type 0 Write Request (CfgWr0) with 3DW, with data
fmt = 0x2
type = 0x4
reserve_bit1 = 0x0
tc = 0x0
reserve_bit2 = 0x0
attr1 = 0x0
reserve_bit3 = 0x0
th = 0x0
td = 0x0
ep = 0x0
attr0 = 0x0
at = 0x0
length = 0x284
requester_id = 0xe691
tag = 
0xa7
last_dw_be = 0x0
first_dw_be = 0x3
completer_id = 0x0
reserve_bit4 = 0x0
ext_register_number = 0x0
register_number = 0x0
reserve_bit5 = 0x0
payload = 0x77ab2842

---------------------------------- TLP 24 --------------------------------------- 
Config Type 1 Read Request (CfgRd1) with 3DW, no data
fmt = 0x0
type = 0x5
reserve_bit1 = 0x0
tc = 0x0
reserve_bit2 = 0x0
attr1 = 0x0
reserve_bit3 = 0x0
th = 0x0
td = 0x0
ep = 0x0
attr0 = 0x0
at = 0x0
length = 0x127
requester_id = 0x3431
tag = 
0x13
last_dw_be = 0x0
first_dw_be = 0x3
completer_id = 0x0
reserve_bit4 = 0x0
ext_register_number = 0x0
register_number = 0x0
reserve_bit5 = 0x0
payload = 0x0

---------------------------------- TLP 25 --------------------------------------- 
Config Type 0 Write Request (CfgWr0) with 3DW, with data
fmt = 0x2
type = 0x4
reserve_bit1 = 0x0
tc = 0x0
reserve_bit2 = 0x0
attr1 = 0x0
reserve_bit3 = 0x0
th = 0x0
td = 0x0
ep = 0x0
attr0 = 0x0
at = 0x0
length = 0x389
requester_id = 0x47d1
tag = 
0x9e
last_dw_be = 0x0
first_dw_be = 0x3
completer_id = 0x0
reserve_bit4 = 0x0
ext_register_number = 0x0
register_number = 0x0
reserve_bit5 = 0x0
payload = 0x4610d75f

---------------------------------- TLP 26 --------------------------------------- 
Config Type 1 Read Request (CfgRd1) with 3DW, no data
fmt = 0x0
type = 0x5
reserve_bit1 = 0x0
tc = 0x0
reserve_bit2 = 0x0
attr1 = 0x0
reserve_bit3 = 0x0
th = 0x0
td = 0x0
ep = 0x0
attr0 = 0x0
at = 0x0
length = 0x24
requester_id = 0x51d4
tag = 
0x31
last_dw_be = 0x0
first_dw_be = 0x3
completer_id = 0x0
reserve_bit4 = 0x0
ext_register_number = 0x0
register_number = 0x0
reserve_bit5 = 0x0
payload = 0x0

---------------------------------- TLP 27 --------------------------------------- 
Config Type 1 Read Request (CfgRd1) with 3DW, no data
fmt = 0x0
type = 0x5
reserve_bit1 = 0x0
tc = 0x0
reserve_bit2 = 0x0
attr1 = 0x0
reserve_bit3 = 0x0
th = 0x0
td = 0x0
ep = 0x0
attr0 = 0x0
at = 0x0
length = 0x3ab
requester_id = 0xd250
tag = 
0xce
last_dw_be = 0x0
first_dw_be = 0x3
completer_id = 0x0
reserve_bit4 = 0x0
ext_register_number = 0x0
register_number = 0x3f
reserve_bit5 = 0x0
payload = 0x0

---------------------------------- TLP 28 --------------------------------------- 
Config Type 0 Write Request (CfgWr0) with 3DW, with data
fmt = 0x2
type = 0x4
reserve_bit1 = 0x0
tc = 0x0
reserve_bit2 = 0x0
attr1 = 0x0
reserve_bit3 = 0x0
th = 0x0
td = 0x0
ep = 0x0
attr0 = 0x0
at = 0x0
length = 0x2b6
requester_id = 0x3dac
tag = 
0x6b
last_dw_be = 0x0
first_dw_be = 0x3
completer_id = 0x0
reserve_bit4 = 0x0
ext_register_number = 0x0
register_number = 0x0
reserve_bit5 = 0x0
payload = 0xe9675eef

---------------------------------- TLP 29 --------------------------------------- 
Config Type 0 Read Request (CfgRd0) with 3DW, no data
fmt = 0x0
type = 0x4
reserve_bit1 = 0x0
tc = 0x0
reserve_bit2 = 0x0
attr1 = 0x0
reserve_bit3 = 0x0
th = 0x0
td = 0x0
ep = 0x0
attr0 = 0x0
at = 0x0
length = 0x33
requester_id = 0xdd19
tag = 
0x47
last_dw_be = 0x0
first_dw_be = 0x3
completer_id = 0x0
reserve_bit4 = 0x0
ext_register_number = 0x0
register_number = 0x3f
reserve_bit5 = 0x0
payload = 0x0

---------------------------------- TLP 30 --------------------------------------- 
Config Type 1 Write Request (CfgWr1) with 3DW, with data
fmt = 0x2
type = 0x5
reserve_bit1 = 0x0
tc = 0x0
reserve_bit2 = 0x0
attr1 = 0x0
reserve_bit3 = 0x0
th = 0x0
td = 0x0
ep = 0x0
attr0 = 0x0
at = 0x0
length = 0x1c2
requester_id = 0xf339
tag = 
0x9e
last_dw_be = 0x0
first_dw_be = 0x3
completer_id = 0x0
reserve_bit4 = 0x0
ext_register_number = 0x0
register_number = 0x3f
reserve_bit5 = 0x0
payload = 0x5d1d6ea4

---------------------------------- TLP 31 --------------------------------------- 
Config Type 0 Read Request (CfgRd0) with 3DW, no data
fmt = 0x0
type = 0x4
reserve_bit1 = 0x0
tc = 0x0
reserve_bit2 = 0x0
attr1 = 0x0
reserve_bit3 = 0x0
th = 0x0
td = 0x0
ep = 0x0
attr0 = 0x0
at = 0x0
length = 0x345
requester_id = 0x6db
tag = 
0x57
last_dw_be = 0x0
first_dw_be = 0x3
completer_id = 0x0
reserve_bit4 = 0x0
ext_register_number = 0x0
register_number = 0x0
reserve_bit5 = 0x0
payload = 0x0

---------------------------------- TLP 32 --------------------------------------- 
Config Type 1 Read Request (CfgRd1) with 3DW, no data
fmt = 0x0
type = 0x5
reserve_bit1 = 0x0
tc = 0x0
reserve_bit2 = 0x0
attr1 = 0x0
reserve_bit3 = 0x0
th = 0x0
td = 0x0
ep = 0x0
attr0 = 0x0
at = 0x0
length = 0x8
requester_id = 0xaafb
tag = 
0xd8
last_dw_be = 0x0
first_dw_be = 0x3
completer_id = 0x0
reserve_bit4 = 0x0
ext_register_number = 0x0
register_number = 0x0
reserve_bit5 = 0x0
payload = 0x0

---------------------------------- TLP 33 --------------------------------------- 
Config Type 0 Read Request (CfgRd0) with 3DW, no data
fmt = 0x0
type = 0x4
reserve_bit1 = 0x0
tc = 0x0
reserve_bit2 = 0x0
attr1 = 0x0
reserve_bit3 = 0x0
th = 0x0
td = 0x0
ep = 0x0
attr0 = 0x0
at = 0x0
length = 0xfa
requester_id = 0xd570
tag = 
0x10
last_dw_be = 0x0
first_dw_be = 0x3
completer_id = 0x0
reserve_bit4 = 0x0
ext_register_number = 0x0
register_number = 0x3f
reserve_bit5 = 0x0
payload = 0x0

---------------------------------- TLP 34 --------------------------------------- 
Config Type 0 Write Request (CfgWr0) with 3DW, with data
fmt = 0x2
type = 0x4
reserve_bit1 = 0x0
tc = 0x0
reserve_bit2 = 0x0
attr1 = 0x0
reserve_bit3 = 0x0
th = 0x0
td = 0x0
ep = 0x0
attr0 = 0x0
at = 0x0
length = 0x252
requester_id = 0xd5f2
tag = 
0xe4
last_dw_be = 0x0
first_dw_be = 0x3
completer_id = 0x0
reserve_bit4 = 0x0
ext_register_number = 0x0
register_number = 0x0
reserve_bit5 = 0x0
payload = 0x1ff5cd62

---------------------------------- TLP 35 --------------------------------------- 
Config Type 1 Write Request (CfgWr1) with 3DW, with data
fmt = 0x2
type = 0x5
reserve_bit1 = 0x0
tc = 0x0
reserve_bit2 = 0x0
attr1 = 0x0
reserve_bit3 = 0x0
th = 0x0
td = 0x0
ep = 0x0
attr0 = 0x0
at = 0x0
length = 0x10
requester_id = 0xc369
tag = 
0x59
last_dw_be = 0x0
first_dw_be = 0x3
completer_id = 0x0
reserve_bit4 = 0x0
ext_register_number = 0x0
register_number = 0x0
reserve_bit5 = 0x0
payload = 0x6be4fb81

---------------------------------- TLP 36 --------------------------------------- 
Config Type 0 Read Request (CfgRd0) with 3DW, no data
fmt = 0x0
type = 0x4
reserve_bit1 = 0x0
tc = 0x0
reserve_bit2 = 0x0
attr1 = 0x0
reserve_bit3 = 0x0
th = 0x0
td = 0x0
ep = 0x0
attr0 = 0x0
at = 0x0
length = 0x1fe
requester_id = 0x4029
tag = 
0x9
last_dw_be = 0x0
first_dw_be = 0x3
completer_id = 0x0
reserve_bit4 = 0x0
ext_register_number = 0x0
register_number = 0x0
reserve_bit5 = 0x0
payload = 0x0

---------------------------------- TLP 37 --------------------------------------- 
Config Type 1 Write Request (CfgWr1) with 3DW, with data
fmt = 0x2
type = 0x5
reserve_bit1 = 0x0
tc = 0x0
reserve_bit2 = 0x0
attr1 = 0x0
reserve_bit3 = 0x0
th = 0x0
td = 0x0
ep = 0x0
attr0 = 0x0
at = 0x0
length = 0x309
requester_id = 0xad47
tag = 
0x9e
last_dw_be = 0x0
first_dw_be = 0x3
completer_id = 0x0
reserve_bit4 = 0x0
ext_register_number = 0x0
register_number = 0x0
reserve_bit5 = 0x0
payload = 0xf7de47c5

---------------------------------- TLP 38 --------------------------------------- 
Config Type 1 Read Request (CfgRd1) with 3DW, no data
fmt = 0x0
type = 0x5
reserve_bit1 = 0x0
tc = 0x0
reserve_bit2 = 0x0
attr1 = 0x0
reserve_bit3 = 0x0
th = 0x0
td = 0x0
ep = 0x0
attr0 = 0x0
at = 0x0
length = 0x192
requester_id = 0x4e78
tag = 
0x6b
last_dw_be = 0x0
first_dw_be = 0x3
completer_id = 0x0
reserve_bit4 = 0x0
ext_register_number = 0x0
register_number = 0x0
reserve_bit5 = 0x0
payload = 0x0

---------------------------------- TLP 39 --------------------------------------- 
Config Type 0 Write Request (CfgWr0) with 3DW, with data
fmt = 0x2
type = 0x4
reserve_bit1 = 0x0
tc = 0x0
reserve_bit2 = 0x0
attr1 = 0x0
reserve_bit3 = 0x0
th = 0x0
td = 0x0
ep = 0x0
attr0 = 0x0
at = 0x0
length = 0x217
requester_id = 0x5902
tag = 
0xdb
last_dw_be = 0x0
first_dw_be = 0x3
completer_id = 0x0
reserve_bit4 = 0x0
ext_register_number = 0x0
register_number = 0x3f
reserve_bit5 = 0x0
payload = 0x483ff06f

---------------------------------- TLP 40 --------------------------------------- 
Config Type 1 Read Request (CfgRd1) with 3DW, no data
fmt = 0x0
type = 0x5
reserve_bit1 = 0x0
tc = 0x0
reserve_bit2 = 0x0
attr1 = 0x0
reserve_bit3 = 0x0
th = 0x0
td = 0x0
ep = 0x0
attr0 = 0x0
at = 0x0
length = 0x1e3
requester_id = 0x6ec2
tag = 
0xb9
last_dw_be = 0x0
first_dw_be = 0x3
completer_id = 0x0
reserve_bit4 = 0x0
ext_register_number = 0x0
register_number = 0x0
reserve_bit5 = 0x0
payload = 0x0

---------------------------------- TLP 41 --------------------------------------- 
Config Type 1 Read Request (CfgRd1) with 3DW, no data
fmt = 0x0
type = 0x5
reserve_bit1 = 0x0
tc = 0x0
reserve_bit2 = 0x0
attr1 = 0x0
reserve_bit3 = 0x0
th = 0x0
td = 0x0
ep = 0x0
attr0 = 0x0
at = 0x0
length = 0x23a
requester_id = 0x3e9
tag = 
0xad
last_dw_be = 0x0
first_dw_be = 0x3
completer_id = 0x0
reserve_bit4 = 0x0
ext_register_number = 0x0
register_number = 0x3f
reserve_bit5 = 0x0
payload = 0x0

---------------------------------- TLP 42 --------------------------------------- 
Config Type 1 Write Request (CfgWr1) with 3DW, with data
fmt = 0x2
type = 0x5
reserve_bit1 = 0x0
tc = 0x0
reserve_bit2 = 0x0
attr1 = 0x0
reserve_bit3 = 0x0
th = 0x0
td = 0x0
ep = 0x0
attr0 = 0x0
at = 0x0
length = 0x330
requester_id = 0x7be9
tag = 
0x3e
last_dw_be = 0x0
first_dw_be = 0x3
completer_id = 0x0
reserve_bit4 = 0x0
ext_register_number = 0x0
register_number = 0x3f
reserve_bit5 = 0x0
payload = 0xb02416d9

---------------------------------- TLP 43 --------------------------------------- 
Config Type 1 Read Request (CfgRd1) with 3DW, no data
fmt = 0x0
type = 0x5
reserve_bit1 = 0x0
tc = 0x0
reserve_bit2 = 0x0
attr1 = 0x0
reserve_bit3 = 0x0
th = 0x0
td = 0x0
ep = 0x0
attr0 = 0x0
at = 0x0
length = 0xeb
requester_id = 0xeed3
tag = 
0x72
last_dw_be = 0x0
first_dw_be = 0x3
completer_id = 0x0
reserve_bit4 = 0x0
ext_register_number = 0x0
register_number = 0x0
reserve_bit5 = 0x0
payload = 0x0

---------------------------------- TLP 44 --------------------------------------- 
Config Type 0 Write Request (CfgWr0) with 3DW, with data
fmt = 0x2
type = 0x4
reserve_bit1 = 0x0
tc = 0x0
reserve_bit2 = 0x0
attr1 = 0x0
reserve_bit3 = 0x0
th = 0x0
td = 0x0
ep = 0x0
attr0 = 0x0
at = 0x0
length = 0x2
requester_id = 0x3d59
tag = 
0x91
last_dw_be = 0x0
first_dw_be = 0x3
completer_id = 0x0
reserve_bit4 = 0x0
ext_register_number = 0x0
register_number = 0x0
reserve_bit5 = 0x0
payload = 0xb6e154cc

---------------------------------- TLP 45 --------------------------------------- 
Config Type 0 Write Request (CfgWr0) with 3DW, with data
fmt = 0x2
type = 0x4
reserve_bit1 = 0x0
tc = 0x0
reserve_bit2 = 0x0
attr1 = 0x0
reserve_bit3 = 0x0
th = 0x0
td = 0x0
ep = 0x0
attr0 = 0x0
at = 0x0
length = 0x364
requester_id = 0x76d9
tag = 
0xde
last_dw_be = 0x0
first_dw_be = 0x3
completer_id = 0x0
reserve_bit4 = 0x0
ext_register_number = 0x0
register_number = 0x3f
reserve_bit5 = 0x0
payload = 0xbad0f119

---------------------------------- TLP 46 --------------------------------------- 
Config Type 1 Write Request (CfgWr1) with 3DW, with data
fmt = 0x2
type = 0x5
reserve_bit1 = 0x0
tc = 0x0
reserve_bit2 = 0x0
attr1 = 0x0
reserve_bit3 = 0x0
th = 0x0
td = 0x0
ep = 0x0
attr0 = 0x0
at = 0x0
length = 0x22
requester_id = 0xfbeb
tag = 
0xf7
last_dw_be = 0x0
first_dw_be = 0x3
completer_id = 0x0
reserve_bit4 = 0x0
ext_register_number = 0x0
register_number = 0x0
reserve_bit5 = 0x0
payload = 0x52599593

---------------------------------- TLP 47 --------------------------------------- 
Config Type 1 Read Request (CfgRd1) with 3DW, no data
fmt = 0x0
type = 0x5
reserve_bit1 = 0x0
tc = 0x0
reserve_bit2 = 0x0
attr1 = 0x0
reserve_bit3 = 0x0
th = 0x0
td = 0x0
ep = 0x0
attr0 = 0x0
at = 0x0
length = 0x2a1
requester_id = 0x1be
tag = 
0x15
last_dw_be = 0x0
first_dw_be = 0x3
completer_id = 0x0
reserve_bit4 = 0x0
ext_register_number = 0x0
register_number = 0x0
reserve_bit5 = 0x0
payload = 0x0

---------------------------------- TLP 48 --------------------------------------- 
Config Type 0 Write Request (CfgWr0) with 3DW, with data
fmt = 0x2
type = 0x4
reserve_bit1 = 0x0
tc = 0x0
reserve_bit2 = 0x0
attr1 = 0x0
reserve_bit3 = 0x0
th = 0x0
td = 0x0
ep = 0x0
attr0 = 0x0
at = 0x0
length = 0x251
requester_id = 0x84fc
tag = 
0xb7
last_dw_be = 0x0
first_dw_be = 0x3
completer_id = 0x0
reserve_bit4 = 0x0
ext_register_number = 0x0
register_number = 0x0
reserve_bit5 = 0x0
payload = 0x5a19e666

---------------------------------- TLP 49 --------------------------------------- 
Config Type 1 Write Request (CfgWr1) with 3DW, with data
fmt = 0x2
type = 0x5
reserve_bit1 = 0x0
tc = 0x0
reserve_bit2 = 0x0
attr1 = 0x0
reserve_bit3 = 0x0
th = 0x0
td = 0x0
ep = 0x0
attr0 = 0x0
at = 0x0
length = 0x28b
requester_id = 0x2357
tag = 
0x62
last_dw_be = 0x0
first_dw_be = 0x3
completer_id = 0x0
reserve_bit4 = 0x0
ext_register_number = 0x0
register_number = 0x3f
reserve_bit5 = 0x0
payload = 0x616c0817

---------------------------------- TLP 50 --------------------------------------- 
Config Type 1 Write Request (CfgWr1) with 3DW, with data
fmt = 0x2
type = 0x5
reserve_bit1 = 0x0
tc = 0x0
reserve_bit2 = 0x0
attr1 = 0x0
reserve_bit3 = 0x0
th = 0x0
td = 0x0
ep = 0x0
attr0 = 0x0
at = 0x0
length = 0x1af
requester_id = 0x64fa
tag = 
0x59
last_dw_be = 0x0
first_dw_be = 0x3
completer_id = 0x0
reserve_bit4 = 0x0
ext_register_number = 0x0
register_number = 0x3f
reserve_bit5 = 0x0
payload = 0x266de8dd

---------------------------------- TLP 51 --------------------------------------- 
Config Type 0 Read Request (CfgRd0) with 3DW, no data
fmt = 0x0
type = 0x4
reserve_bit1 = 0x0
tc = 0x0
reserve_bit2 = 0x0
attr1 = 0x0
reserve_bit3 = 0x0
th = 0x0
td = 0x0
ep = 0x0
attr0 = 0x0
at = 0x0
length = 0x3c1
requester_id = 0x38c3
tag = 
0xcd
last_dw_be = 0x0
first_dw_be = 0x3
completer_id = 0x0
reserve_bit4 = 0x0
ext_register_number = 0x0
register_number = 0x3f
reserve_bit5 = 0x0
payload = 0x0

---------------------------------- TLP 52 --------------------------------------- 
Config Type 1 Read Request (CfgRd1) with 3DW, no data
fmt = 0x0
type = 0x5
reserve_bit1 = 0x0
tc = 0x0
reserve_bit2 = 0x0
attr1 = 0x0
reserve_bit3 = 0x0
th = 0x0
td = 0x0
ep = 0x0
attr0 = 0x0
at = 0x0
length = 0x303
requester_id = 0xa3d9
tag = 
0xa0
last_dw_be = 0x0
first_dw_be = 0x3
completer_id = 0x0
reserve_bit4 = 0x0
ext_register_number = 0x0
register_number = 0x0
reserve_bit5 = 0x0
payload = 0x0

---------------------------------- TLP 53 --------------------------------------- 
Config Type 0 Read Request (CfgRd0) with 3DW, no data
fmt = 0x0
type = 0x4
reserve_bit1 = 0x0
tc = 0x0
reserve_bit2 = 0x0
attr1 = 0x0
reserve_bit3 = 0x0
th = 0x0
td = 0x0
ep = 0x0
attr0 = 0x0
at = 0x0
length = 0xde
requester_id = 0xc908
tag = 
0xb3
last_dw_be = 0x0
first_dw_be = 0x3
completer_id = 0x0
reserve_bit4 = 0x0
ext_register_number = 0x0
register_number = 0x0
reserve_bit5 = 0x0
payload = 0x0

---------------------------------- TLP 54 --------------------------------------- 
Config Type 0 Write Request (CfgWr0) with 3DW, with data
fmt = 0x2
type = 0x4
reserve_bit1 = 0x0
tc = 0x0
reserve_bit2 = 0x0
attr1 = 0x0
reserve_bit3 = 0x0
th = 0x0
td = 0x0
ep = 0x0
attr0 = 0x0
at = 0x0
length = 0x127
requester_id = 0x441e
tag = 
0x9e
last_dw_be = 0x0
first_dw_be = 0x3
completer_id = 0x0
reserve_bit4 = 0x0
ext_register_number = 0x0
register_number = 0x0
reserve_bit5 = 0x0
payload = 0x7a8a404b

---------------------------------- TLP 55 --------------------------------------- 
Config Type 1 Read Request (CfgRd1) with 3DW, no data
fmt = 0x0
type = 0x5
reserve_bit1 = 0x0
tc = 0x0
reserve_bit2 = 0x0
attr1 = 0x0
reserve_bit3 = 0x0
th = 0x0
td = 0x0
ep = 0x0
attr0 = 0x0
at = 0x0
length = 0x308
requester_id = 0x8cad
tag = 
0x90
last_dw_be = 0x0
first_dw_be = 0x3
completer_id = 0x0
reserve_bit4 = 0x0
ext_register_number = 0x0
register_number = 0x0
reserve_bit5 = 0x0
payload = 0x0

---------------------------------- TLP 56 --------------------------------------- 
Config Type 1 Read Request (CfgRd1) with 3DW, no data
fmt = 0x0
type = 0x5
reserve_bit1 = 0x0
tc = 0x0
reserve_bit2 = 0x0
attr1 = 0x0
reserve_bit3 = 0x0
th = 0x0
td = 0x0
ep = 0x0
attr0 = 0x0
at = 0x0
length = 0x285
requester_id = 0xe5f6
tag = 
0x2b
last_dw_be = 0x0
first_dw_be = 0x3
completer_id = 0x0
reserve_bit4 = 0x0
ext_register_number = 0x0
register_number = 0x0
reserve_bit5 = 0x0
payload = 0x0

---------------------------------- TLP 57 --------------------------------------- 
Config Type 0 Write Request (CfgWr0) with 3DW, with data
fmt = 0x2
type = 0x4
reserve_bit1 = 0x0
tc = 0x0
reserve_bit2 = 0x0
attr1 = 0x0
reserve_bit3 = 0x0
th = 0x0
td = 0x0
ep = 0x0
attr0 = 0x0
at = 0x0
length = 0x2b4
requester_id = 0xbcca
tag = 
0xd1
last_dw_be = 0x0
first_dw_be = 0x3
completer_id = 0x0
reserve_bit4 = 0x0
ext_register_number = 0x0
register_number = 0x3f
reserve_bit5 = 0x0
payload = 0xd2d7d34f

---------------------------------- TLP 58 --------------------------------------- 
Config Type 1 Read Request (CfgRd1) with 3DW, no data
fmt = 0x0
type = 0x5
reserve_bit1 = 0x0
tc = 0x0
reserve_bit2 = 0x0
attr1 = 0x0
reserve_bit3 = 0x0
th = 0x0
td = 0x0
ep = 0x0
attr0 = 0x0
at = 0x0
length = 0x9d
requester_id = 0xf21
tag = 
0x9c
last_dw_be = 0x0
first_dw_be = 0x3
completer_id = 0x0
reserve_bit4 = 0x0
ext_register_number = 0x0
register_number = 0x0
reserve_bit5 = 0x0
payload = 0x0

---------------------------------- TLP 59 --------------------------------------- 
Config Type 0 Write Request (CfgWr0) with 3DW, with data
fmt = 0x2
type = 0x4
reserve_bit1 = 0x0
tc = 0x0
reserve_bit2 = 0x0
attr1 = 0x0
reserve_bit3 = 0x0
th = 0x0
td = 0x0
ep = 0x0
attr0 = 0x0
at = 0x0
length = 0x299
requester_id = 0x1294
tag = 
0x1b
last_dw_be = 0x0
first_dw_be = 0x3
completer_id = 0x0
reserve_bit4 = 0x0
ext_register_number = 0x0
register_number = 0x0
reserve_bit5 = 0x0
payload = 0x5799ae5a

---------------------------------- TLP 60 --------------------------------------- 
Config Type 1 Write Request (CfgWr1) with 3DW, with data
fmt = 0x2
type = 0x5
reserve_bit1 = 0x0
tc = 0x0
reserve_bit2 = 0x0
attr1 = 0x0
reserve_bit3 = 0x0
th = 0x0
td = 0x0
ep = 0x0
attr0 = 0x0
at = 0x0
length = 0x2d1
requester_id = 0x4982
tag = 
0x4c
last_dw_be = 0x0
first_dw_be = 0x3
completer_id = 0x0
reserve_bit4 = 0x0
ext_register_number = 0x0
register_number = 0x0
reserve_bit5 = 0x0
payload = 0x68b8a834

---------------------------------- TLP 61 --------------------------------------- 
Config Type 1 Write Request (CfgWr1) with 3DW, with data
fmt = 0x2
type = 0x5
reserve_bit1 = 0x0
tc = 0x0
reserve_bit2 = 0x0
attr1 = 0x0
reserve_bit3 = 0x0
th = 0x0
td = 0x0
ep = 0x0
attr0 = 0x0
at = 0x0
length = 0x93
requester_id = 0x1b30
tag = 
0xe
last_dw_be = 0x0
first_dw_be = 0x3
completer_id = 0x0
reserve_bit4 = 0x0
ext_register_number = 0x0
register_number = 0x3f
reserve_bit5 = 0x0
payload = 0x5781b59f

---------------------------------- TLP 62 --------------------------------------- 
Config Type 0 Write Request (CfgWr0) with 3DW, with data
fmt = 0x2
type = 0x4
reserve_bit1 = 0x0
tc = 0x0
reserve_bit2 = 0x0
attr1 = 0x0
reserve_bit3 = 0x0
th = 0x0
td = 0x0
ep = 0x0
attr0 = 0x0
at = 0x0
length = 0x27
requester_id = 0xf8a7
tag = 
0x42
last_dw_be = 0x0
first_dw_be = 0x3
completer_id = 0x0
reserve_bit4 = 0x0
ext_register_number = 0x0
register_number = 0x3f
reserve_bit5 = 0x0
payload = 0x9d1fe260

---------------------------------- TLP 63 --------------------------------------- 
Config Type 0 Read Request (CfgRd0) with 3DW, no data
fmt = 0x0
type = 0x4
reserve_bit1 = 0x0
tc = 0x0
reserve_bit2 = 0x0
attr1 = 0x0
reserve_bit3 = 0x0
th = 0x0
td = 0x0
ep = 0x0
attr0 = 0x0
at = 0x0
length = 0x14a
requester_id = 0x2150
tag = 
0xec
last_dw_be = 0x0
first_dw_be = 0x3
completer_id = 0x0
reserve_bit4 = 0x0
ext_register_number = 0x0
register_number = 0x3f
reserve_bit5 = 0x0
payload = 0x0

---------------------------------- TLP 64 --------------------------------------- 
Config Type 0 Read Request (CfgRd0) with 3DW, no data
fmt = 0x0
type = 0x4
reserve_bit1 = 0x0
tc = 0x0
reserve_bit2 = 0x0
attr1 = 0x0
reserve_bit3 = 0x0
th = 0x0
td = 0x0
ep = 0x0
attr0 = 0x0
at = 0x0
length = 0x2c1
requester_id = 0x4214
tag = 
0xfd
last_dw_be = 0x0
first_dw_be = 0x3
completer_id = 0x0
reserve_bit4 = 0x0
ext_register_number = 0x0
register_number = 0x3f
reserve_bit5 = 0x0
payload = 0x0

---------------------------------- TLP 65 --------------------------------------- 
Config Type 0 Read Request (CfgRd0) with 3DW, no data
fmt = 0x0
type = 0x4
reserve_bit1 = 0x0
tc = 0x0
reserve_bit2 = 0x0
attr1 = 0x0
reserve_bit3 = 0x0
th = 0x0
td = 0x0
ep = 0x0
attr0 = 0x0
at = 0x0
length = 0x22d
requester_id = 0xb5e1
tag = 
0x58
last_dw_be = 0x0
first_dw_be = 0x3
completer_id = 0x0
reserve_bit4 = 0x0
ext_register_number = 0x0
register_number = 0x0
reserve_bit5 = 0x0
payload = 0x0

---------------------------------- TLP 66 --------------------------------------- 
Config Type 0 Write Request (CfgWr0) with 3DW, with data
fmt = 0x2
type = 0x4
reserve_bit1 = 0x0
tc = 0x0
reserve_bit2 = 0x0
attr1 = 0x0
reserve_bit3 = 0x0
th = 0x0
td = 0x0
ep = 0x0
attr0 = 0x0
at = 0x0
length = 0x1e9
requester_id = 0x2445
tag = 
0x3c
last_dw_be = 0x0
first_dw_be = 0x3
completer_id = 0x0
reserve_bit4 = 0x0
ext_register_number = 0x0
register_number = 0x3f
reserve_bit5 = 0x0
payload = 0x1214425f

---------------------------------- TLP 67 --------------------------------------- 
Config Type 0 Write Request (CfgWr0) with 3DW, with data
fmt = 0x2
type = 0x4
reserve_bit1 = 0x0
tc = 0x0
reserve_bit2 = 0x0
attr1 = 0x0
reserve_bit3 = 0x0
th = 0x0
td = 0x0
ep = 0x0
attr0 = 0x0
at = 0x0
length = 0x288
requester_id = 0x1cc1
tag = 
0x5c
last_dw_be = 0x0
first_dw_be = 0x3
completer_id = 0x0
reserve_bit4 = 0x0
ext_register_number = 0x0
register_number = 0x0
reserve_bit5 = 0x0
payload = 0xf423f6d4

---------------------------------- TLP 68 --------------------------------------- 
Config Type 1 Read Request (CfgRd1) with 3DW, no data
fmt = 0x0
type = 0x5
reserve_bit1 = 0x0
tc = 0x0
reserve_bit2 = 0x0
attr1 = 0x0
reserve_bit3 = 0x0
th = 0x0
td = 0x0
ep = 0x0
attr0 = 0x0
at = 0x0
length = 0x129
requester_id = 0x211b
tag = 
0x97
last_dw_be = 0x0
first_dw_be = 0x3
completer_id = 0x0
reserve_bit4 = 0x0
ext_register_number = 0x0
register_number = 0x3f
reserve_bit5 = 0x0
payload = 0x0

---------------------------------- TLP 69 --------------------------------------- 
Config Type 0 Read Request (CfgRd0) with 3DW, no data
fmt = 0x0
type = 0x4
reserve_bit1 = 0x0
tc = 0x0
reserve_bit2 = 0x0
attr1 = 0x0
reserve_bit3 = 0x0
th = 0x0
td = 0x0
ep = 0x0
attr0 = 0x0
at = 0x0
length = 0x4a
requester_id = 0xde99
tag = 
0xb
last_dw_be = 0x0
first_dw_be = 0x3
completer_id = 0x0
reserve_bit4 = 0x0
ext_register_number = 0x0
register_number = 0x3f
reserve_bit5 = 0x0
payload = 0x0

---------------------------------- TLP 70 --------------------------------------- 
Config Type 1 Write Request (CfgWr1) with 3DW, with data
fmt = 0x2
type = 0x5
reserve_bit1 = 0x0
tc = 0x0
reserve_bit2 = 0x0
attr1 = 0x0
reserve_bit3 = 0x0
th = 0x0
td = 0x0
ep = 0x0
attr0 = 0x0
at = 0x0
length = 0x184
requester_id = 0xfced
tag = 
0x8b
last_dw_be = 0x0
first_dw_be = 0x3
completer_id = 0x0
reserve_bit4 = 0x0
ext_register_number = 0x0
register_number = 0x0
reserve_bit5 = 0x0
payload = 0x11f68cc6

---------------------------------- TLP 71 --------------------------------------- 
Config Type 0 Write Request (CfgWr0) with 3DW, with data
fmt = 0x2
type = 0x4
reserve_bit1 = 0x0
tc = 0x0
reserve_bit2 = 0x0
attr1 = 0x0
reserve_bit3 = 0x0
th = 0x0
td = 0x0
ep = 0x0
attr0 = 0x0
at = 0x0
length = 0x22b
requester_id = 0xdcff
tag = 
0xa7
last_dw_be = 0x0
first_dw_be = 0x3
completer_id = 0x0
reserve_bit4 = 0x0
ext_register_number = 0x0
register_number = 0x3f
reserve_bit5 = 0x0
payload = 0xe0c92111

---------------------------------- TLP 72 --------------------------------------- 
Config Type 0 Write Request (CfgWr0) with 3DW, with data
fmt = 0x2
type = 0x4
reserve_bit1 = 0x0
tc = 0x0
reserve_bit2 = 0x0
attr1 = 0x0
reserve_bit3 = 0x0
th = 0x0
td = 0x0
ep = 0x0
attr0 = 0x0
at = 0x0
length = 0x90
requester_id = 0xd3d
tag = 
0x4f
last_dw_be = 0x0
first_dw_be = 0x3
completer_id = 0x0
reserve_bit4 = 0x0
ext_register_number = 0x0
register_number = 0x0
reserve_bit5 = 0x0
payload = 0x37a00119

---------------------------------- TLP 73 --------------------------------------- 
Config Type 0 Write Request (CfgWr0) with 3DW, with data
fmt = 0x2
type = 0x4
reserve_bit1 = 0x0
tc = 0x0
reserve_bit2 = 0x0
attr1 = 0x0
reserve_bit3 = 0x0
th = 0x0
td = 0x0
ep = 0x0
attr0 = 0x0
at = 0x0
length = 0x36e
requester_id = 0x3450
tag = 
0x0
last_dw_be = 0x0
first_dw_be = 0x3
completer_id = 0x0
reserve_bit4 = 0x0
ext_register_number = 0x0
register_number = 0x0
reserve_bit5 = 0x0
payload = 0x125b188a

---------------------------------- TLP 74 --------------------------------------- 
Config Type 0 Read Request (CfgRd0) with 3DW, no data
fmt = 0x0
type = 0x4
reserve_bit1 = 0x0
tc = 0x0
reserve_bit2 = 0x0
attr1 = 0x0
reserve_bit3 = 0x0
th = 0x0
td = 0x0
ep = 0x0
attr0 = 0x0
at = 0x0
length = 0x1bf
requester_id = 0x44d9
tag = 
0x5b
last_dw_be = 0x0
first_dw_be = 0x3
completer_id = 0x0
reserve_bit4 = 0x0
ext_register_number = 0x0
register_number = 0x0
reserve_bit5 = 0x0
payload = 0x0

---------------------------------- TLP 75 --------------------------------------- 
Config Type 1 Write Request (CfgWr1) with 3DW, with data
fmt = 0x2
type = 0x5
reserve_bit1 = 0x0
tc = 0x0
reserve_bit2 = 0x0
attr1 = 0x0
reserve_bit3 = 0x0
th = 0x0
td = 0x0
ep = 0x0
attr0 = 0x0
at = 0x0
length = 0xcb
requester_id = 0xe80c
tag = 
0x75
last_dw_be = 0x0
first_dw_be = 0x3
completer_id = 0x0
reserve_bit4 = 0x0
ext_register_number = 0x0
register_number = 0x3f
reserve_bit5 = 0x0
payload = 0x6f2ba234

---------------------------------- TLP 76 --------------------------------------- 
Config Type 1 Read Request (CfgRd1) with 3DW, no data
fmt = 0x0
type = 0x5
reserve_bit1 = 0x0
tc = 0x0
reserve_bit2 = 0x0
attr1 = 0x0
reserve_bit3 = 0x0
th = 0x0
td = 0x0
ep = 0x0
attr0 = 0x0
at = 0x0
length = 0x33b
requester_id = 0x25ca
tag = 
0xc3
last_dw_be = 0x0
first_dw_be = 0x3
completer_id = 0x0
reserve_bit4 = 0x0
ext_register_number = 0x0
register_number = 0x0
reserve_bit5 = 0x0
payload = 0x0

---------------------------------- TLP 77 --------------------------------------- 
Config Type 0 Write Request (CfgWr0) with 3DW, with data
fmt = 0x2
type = 0x4
reserve_bit1 = 0x0
tc = 0x0
reserve_bit2 = 0x0
attr1 = 0x0
reserve_bit3 = 0x0
th = 0x0
td = 0x0
ep = 0x0
attr0 = 0x0
at = 0x0
length = 0x21a
requester_id = 0x6c49
tag = 
0x20
last_dw_be = 0x0
first_dw_be = 0x3
completer_id = 0x0
reserve_bit4 = 0x0
ext_register_number = 0x0
register_number = 0x0
reserve_bit5 = 0x0
payload = 0xca5ac5de

---------------------------------- TLP 78 --------------------------------------- 
Config Type 1 Read Request (CfgRd1) with 3DW, no data
fmt = 0x0
type = 0x5
reserve_bit1 = 0x0
tc = 0x0
reserve_bit2 = 0x0
attr1 = 0x0
reserve_bit3 = 0x0
th = 0x0
td = 0x0
ep = 0x0
attr0 = 0x0
at = 0x0
length = 0x10b
requester_id = 0xbde1
tag = 
0xe7
last_dw_be = 0x0
first_dw_be = 0x3
completer_id = 0x0
reserve_bit4 = 0x0
ext_register_number = 0x0
register_number = 0x3f
reserve_bit5 = 0x0
payload = 0x0

---------------------------------- TLP 79 --------------------------------------- 
Config Type 1 Write Request (CfgWr1) with 3DW, with data
fmt = 0x2
type = 0x5
reserve_bit1 = 0x0
tc = 0x0
reserve_bit2 = 0x0
attr1 = 0x0
reserve_bit3 = 0x0
th = 0x0
td = 0x0
ep = 0x0
attr0 = 0x0
at = 0x0
length = 0x2ef
requester_id = 0xb3f9
tag = 
0xde
last_dw_be = 0x0
first_dw_be = 0x3
completer_id = 0x0
reserve_bit4 = 0x0
ext_register_number = 0x0
register_number = 0x0
reserve_bit5 = 0x0
payload = 0x5f890921

---------------------------------- TLP 80 --------------------------------------- 
Config Type 0 Read Request (CfgRd0) with 3DW, no data
fmt = 0x0
type = 0x4
reserve_bit1 = 0x0
tc = 0x0
reserve_bit2 = 0x0
attr1 = 0x0
reserve_bit3 = 0x0
th = 0x0
td = 0x0
ep = 0x0
attr0 = 0x0
at = 0x0
length = 0x276
requester_id = 0x1bcf
tag = 
0x8b
last_dw_be = 0x0
first_dw_be = 0x3
completer_id = 0x0
reserve_bit4 = 0x0
ext_register_number = 0x0
register_number = 0x0
reserve_bit5 = 0x0
payload = 0x0

---------------------------------- TLP 81 --------------------------------------- 
Config Type 1 Read Request (CfgRd1) with 3DW, no data
fmt = 0x0
type = 0x5
reserve_bit1 = 0x0
tc = 0x0
reserve_bit2 = 0x0
attr1 = 0x0
reserve_bit3 = 0x0
th = 0x0
td = 0x0
ep = 0x0
attr0 = 0x0
at = 0x0
length = 0x336
requester_id = 0x6895
tag = 
0xc2
last_dw_be = 0x0
first_dw_be = 0x3
completer_id = 0x0
reserve_bit4 = 0x0
ext_register_number = 0x0
register_number = 0x3f
reserve_bit5 = 0x0
payload = 0x0

---------------------------------- TLP 82 --------------------------------------- 
Config Type 0 Read Request (CfgRd0) with 3DW, no data
fmt = 0x0
type = 0x4
reserve_bit1 = 0x0
tc = 0x0
reserve_bit2 = 0x0
attr1 = 0x0
reserve_bit3 = 0x0
th = 0x0
td = 0x0
ep = 0x0
attr0 = 0x0
at = 0x0
length = 0x1d8
requester_id = 0xd244
tag = 
0xad
last_dw_be = 0x0
first_dw_be = 0x3
completer_id = 0x0
reserve_bit4 = 0x0
ext_register_number = 0x0
register_number = 0x3f
reserve_bit5 = 0x0
payload = 0x0

---------------------------------- TLP 83 --------------------------------------- 
Config Type 1 Read Request (CfgRd1) with 3DW, no data
fmt = 0x0
type = 0x5
reserve_bit1 = 0x0
tc = 0x0
reserve_bit2 = 0x0
attr1 = 0x0
reserve_bit3 = 0x0
th = 0x0
td = 0x0
ep = 0x0
attr0 = 0x0
at = 0x0
length = 0x260
requester_id = 0x8d85
tag = 
0x79
last_dw_be = 0x0
first_dw_be = 0x3
completer_id = 0x0
reserve_bit4 = 0x0
ext_register_number = 0x0
register_number = 0x3f
reserve_bit5 = 0x0
payload = 0x0

---------------------------------- TLP 84 --------------------------------------- 
Config Type 0 Read Request (CfgRd0) with 3DW, no data
fmt = 0x0
type = 0x4
reserve_bit1 = 0x0
tc = 0x0
reserve_bit2 = 0x0
attr1 = 0x0
reserve_bit3 = 0x0
th = 0x0
td = 0x0
ep = 0x0
attr0 = 0x0
at = 0x0
length = 0x2ad
requester_id = 0x6389
tag = 
0x36
last_dw_be = 0x0
first_dw_be = 0x3
completer_id = 0x0
reserve_bit4 = 0x0
ext_register_number = 0x0
register_number = 0x3f
reserve_bit5 = 0x0
payload = 0x0

---------------------------------- TLP 85 --------------------------------------- 
Config Type 0 Read Request (CfgRd0) with 3DW, no data
fmt = 0x0
type = 0x4
reserve_bit1 = 0x0
tc = 0x0
reserve_bit2 = 0x0
attr1 = 0x0
reserve_bit3 = 0x0
th = 0x0
td = 0x0
ep = 0x0
attr0 = 0x0
at = 0x0
length = 0x10c
requester_id = 0x1ef1
tag = 
0x78
last_dw_be = 0x0
first_dw_be = 0x3
completer_id = 0x0
reserve_bit4 = 0x0
ext_register_number = 0x0
register_number = 0x3f
reserve_bit5 = 0x0
payload = 0x0

---------------------------------- TLP 86 --------------------------------------- 
Config Type 1 Read Request (CfgRd1) with 3DW, no data
fmt = 0x0
type = 0x5
reserve_bit1 = 0x0
tc = 0x0
reserve_bit2 = 0x0
attr1 = 0x0
reserve_bit3 = 0x0
th = 0x0
td = 0x0
ep = 0x0
attr0 = 0x0
at = 0x0
length = 0x178
requester_id = 0xcdfb
tag = 
0x13
last_dw_be = 0x0
first_dw_be = 0x3
completer_id = 0x0
reserve_bit4 = 0x0
ext_register_number = 0x0
register_number = 0x0
reserve_bit5 = 0x0
payload = 0x0

---------------------------------- TLP 87 --------------------------------------- 
Config Type 1 Write Request (CfgWr1) with 3DW, with data
fmt = 0x2
type = 0x5
reserve_bit1 = 0x0
tc = 0x0
reserve_bit2 = 0x0
attr1 = 0x0
reserve_bit3 = 0x0
th = 0x0
td = 0x0
ep = 0x0
attr0 = 0x0
at = 0x0
length = 0x9d
requester_id = 0xf3db
tag = 
0x2f
last_dw_be = 0x0
first_dw_be = 0x3
completer_id = 0x0
reserve_bit4 = 0x0
ext_register_number = 0x0
register_number = 0x3f
reserve_bit5 = 0x0
payload = 0x7f668c86

---------------------------------- TLP 88 --------------------------------------- 
Config Type 0 Write Request (CfgWr0) with 3DW, with data
fmt = 0x2
type = 0x4
reserve_bit1 = 0x0
tc = 0x0
reserve_bit2 = 0x0
attr1 = 0x0
reserve_bit3 = 0x0
th = 0x0
td = 0x0
ep = 0x0
attr0 = 0x0
at = 0x0
length = 0x235
requester_id = 0xaac9
tag = 
0x5e
last_dw_be = 0x0
first_dw_be = 0x3
completer_id = 0x0
reserve_bit4 = 0x0
ext_register_number = 0x0
register_number = 0x3f
reserve_bit5 = 0x0
payload = 0xa4cef9ac

---------------------------------- TLP 89 --------------------------------------- 
Config Type 0 Read Request (CfgRd0) with 3DW, no data
fmt = 0x0
type = 0x4
reserve_bit1 = 0x0
tc = 0x0
reserve_bit2 = 0x0
attr1 = 0x0
reserve_bit3 = 0x0
th = 0x0
td = 0x0
ep = 0x0
attr0 = 0x0
at = 0x0
length = 0x274
requester_id = 0x1b78
tag = 
0x9
last_dw_be = 0x0
first_dw_be = 0x3
completer_id = 0x0
reserve_bit4 = 0x0
ext_register_number = 0x0
register_number = 0x0
reserve_bit5 = 0x0
payload = 0x0

---------------------------------- TLP 90 --------------------------------------- 
Config Type 1 Write Request (CfgWr1) with 3DW, with data
fmt = 0x2
type = 0x5
reserve_bit1 = 0x0
tc = 0x0
reserve_bit2 = 0x0
attr1 = 0x0
reserve_bit3 = 0x0
th = 0x0
td = 0x0
ep = 0x0
attr0 = 0x0
at = 0x0
length = 0x206
requester_id = 0xb102
tag = 
0x56
last_dw_be = 0x0
first_dw_be = 0x3
completer_id = 0x0
reserve_bit4 = 0x0
ext_register_number = 0x0
register_number = 0x0
reserve_bit5 = 0x0
payload = 0x6a177b5d

---------------------------------- TLP 91 --------------------------------------- 
Config Type 0 Read Request (CfgRd0) with 3DW, no data
fmt = 0x0
type = 0x4
reserve_bit1 = 0x0
tc = 0x0
reserve_bit2 = 0x0
attr1 = 0x0
reserve_bit3 = 0x0
th = 0x0
td = 0x0
ep = 0x0
attr0 = 0x0
at = 0x0
length = 0x27c
requester_id = 0x4955
tag = 
0xab
last_dw_be = 0x0
first_dw_be = 0x3
completer_id = 0x0
reserve_bit4 = 0x0
ext_register_number = 0x0
register_number = 0x3f
reserve_bit5 = 0x0
payload = 0x0

---------------------------------- TLP 92 --------------------------------------- 
Config Type 0 Read Request (CfgRd0) with 3DW, no data
fmt = 0x0
type = 0x4
reserve_bit1 = 0x0
tc = 0x0
reserve_bit2 = 0x0
attr1 = 0x0
reserve_bit3 = 0x0
th = 0x0
td = 0x0
ep = 0x0
attr0 = 0x0
at = 0x0
length = 0x2b
requester_id = 0x6a9
tag = 
0xe3
last_dw_be = 0x0
first_dw_be = 0x3
completer_id = 0x0
reserve_bit4 = 0x0
ext_register_number = 0x0
register_number = 0x3f
reserve_bit5 = 0x0
payload = 0x0

---------------------------------- TLP 93 --------------------------------------- 
Config Type 0 Write Request (CfgWr0) with 3DW, with data
fmt = 0x2
type = 0x4
reserve_bit1 = 0x0
tc = 0x0
reserve_bit2 = 0x0
attr1 = 0x0
reserve_bit3 = 0x0
th = 0x0
td = 0x0
ep = 0x0
attr0 = 0x0
at = 0x0
length = 0x235
requester_id = 0x57a9
tag = 
0x96
last_dw_be = 0x0
first_dw_be = 0x3
completer_id = 0x0
reserve_bit4 = 0x0
ext_register_number = 0x0
register_number = 0x0
reserve_bit5 = 0x0
payload = 0x746ed999

---------------------------------- TLP 94 --------------------------------------- 
Config Type 0 Write Request (CfgWr0) with 3DW, with data
fmt = 0x2
type = 0x4
reserve_bit1 = 0x0
tc = 0x0
reserve_bit2 = 0x0
attr1 = 0x0
reserve_bit3 = 0x0
th = 0x0
td = 0x0
ep = 0x0
attr0 = 0x0
at = 0x0
length = 0x1eb
requester_id = 0x7dce
tag = 
0xf4
last_dw_be = 0x0
first_dw_be = 0x3
completer_id = 0x0
reserve_bit4 = 0x0
ext_register_number = 0x0
register_number = 0x3f
reserve_bit5 = 0x0
payload = 0xb59f8fe6

---------------------------------- TLP 95 --------------------------------------- 
Config Type 1 Write Request (CfgWr1) with 3DW, with data
fmt = 0x2
type = 0x5
reserve_bit1 = 0x0
tc = 0x0
reserve_bit2 = 0x0
attr1 = 0x0
reserve_bit3 = 0x0
th = 0x0
td = 0x0
ep = 0x0
attr0 = 0x0
at = 0x0
length = 0x391
requester_id = 0x3553
tag = 
0x94
last_dw_be = 0x0
first_dw_be = 0x3
completer_id = 0x0
reserve_bit4 = 0x0
ext_register_number = 0x0
register_number = 0x3f
reserve_bit5 = 0x0
payload = 0x142a3d11

---------------------------------- TLP 96 --------------------------------------- 
Config Type 1 Read Request (CfgRd1) with 3DW, no data
fmt = 0x0
type = 0x5
reserve_bit1 = 0x0
tc = 0x0
reserve_bit2 = 0x0
attr1 = 0x0
reserve_bit3 = 0x0
th = 0x0
td = 0x0
ep = 0x0
attr0 = 0x0
at = 0x0
length = 0x343
requester_id = 0x278c
tag = 
0x52
last_dw_be = 0x0
first_dw_be = 0x3
completer_id = 0x0
reserve_bit4 = 0x0
ext_register_number = 0x0
register_number = 0x3f
reserve_bit5 = 0x0
payload = 0x0

---------------------------------- TLP 97 --------------------------------------- 
Config Type 1 Write Request (CfgWr1) with 3DW, with data
fmt = 0x2
type = 0x5
reserve_bit1 = 0x0
tc = 0x0
reserve_bit2 = 0x0
attr1 = 0x0
reserve_bit3 = 0x0
th = 0x0
td = 0x0
ep = 0x0
attr0 = 0x0
at = 0x0
length = 0x146
requester_id = 0x9bb6
tag = 
0x9
last_dw_be = 0x0
first_dw_be = 0x3
completer_id = 0x0
reserve_bit4 = 0x0
ext_register_number = 0x0
register_number = 0x0
reserve_bit5 = 0x0
payload = 0x6be3d1c8

---------------------------------- TLP 98 --------------------------------------- 
Config Type 1 Read Request (CfgRd1) with 3DW, no data
fmt = 0x0
type = 0x5
reserve_bit1 = 0x0
tc = 0x0
reserve_bit2 = 0x0
attr1 = 0x0
reserve_bit3 = 0x0
th = 0x0
td = 0x0
ep = 0x0
attr0 = 0x0
at = 0x0
length = 0x198
requester_id = 0xeb58
tag = 
0x40
last_dw_be = 0x0
first_dw_be = 0x3
completer_id = 0x0
reserve_bit4 = 0x0
ext_register_number = 0x0
register_number = 0x3f
reserve_bit5 = 0x0
payload = 0x0

---------------------------------- TLP 99 --------------------------------------- 
Config Type 0 Write Request (CfgWr0) with 3DW, with data
fmt = 0x2
type = 0x4
reserve_bit1 = 0x0
tc = 0x0
reserve_bit2 = 0x0
attr1 = 0x0
reserve_bit3 = 0x0
th = 0x0
td = 0x0
ep = 0x0
attr0 = 0x0
at = 0x0
length = 0x1cf
requester_id = 0x19eb
tag = 
0x46
last_dw_be = 0x0
first_dw_be = 0x3
completer_id = 0x0
reserve_bit4 = 0x0
ext_register_number = 0x0
register_number = 0x0
reserve_bit5 = 0x0
payload = 0x9af616ec

